Arguments: 
  C:\Program Files\nodejs\node.exe C:\Program Files (x86)\Yarn\bin\yarn.js add react-bootstrap

PATH: 
  C:\Program Files\Git\mingw64\bin;C:\Program Files\Git\usr\bin;C:\Users\raju\bin;C:\Windows\system32;C:\Windows;C:\Windows\System32\Wbem;C:\Windows\System32\WindowsPowerShell\v1.0;C:\Windows\System32\OpenSSH;C:\Program Files\nodejs;C:\Program Files (x86)\Yarn\bin;C:\Program Files\Git\cmd;C:\Users\raju\AppData\Local\Microsoft\WindowsApps;C:\Users\raju\AppData\Local\Programs\Microsoft VS Code\bin;C:\Users\raju\AppData\Roaming\npm;C:\Users\raju\AppData\Local\Yarn\bin

Yarn version: 
  1.22.5

Node version: 
  12.18.4

Platform: 
  win32 x64

Trace: 
  Error: EPERM: operation not permitted, unlink 'C:\xampp\htdocs\wpguten\wp-content\plugins\ht-block\node_modules\node-sass\vendor\win32-x64-72\binding.node'

npm manifest: 
  {
  	"name": "ht-block",
  	"version": "1.0.0",
  	"private": true,
  	"scripts": {
  		"start": "cgb-scripts start",
  		"build": "cgb-scripts build",
  		"eject": "cgb-scripts eject"
  	},
  	"dependencies": {
  		"cgb-scripts": "1.23.1"
  	},
  	"description": "ht gutenberg block",
  	"main": "index.js",
  	"author": "Raju Ahammad",
  	"license": "MIT"
  }

yarn manifest: 
  No manifest

Lockfile: 
  No lockfile
